<?xml version="1.0" encoding="UTF-8"?>
<!-- Generated by org.testng.reporters.JUnitReportReporter -->
<testsuite skipped="0" hostname="LAPTOP-6MBFVO23" name="testscripts.RegressionTest" tests="1" failures="0" timestamp="04 Apr 2020 11:37:53 GMT" time="48.306" errors="0">
  <testcase name="checkingPayslipAndInvoiceButtonIsDisplayed" time="48.306" classname="testscripts.RegressionTest"/>
</testsuite> <!-- testscripts.RegressionTest -->
